cl : command line  warning D9035: option 'Gm' has been deprecated and will be removed in a future release
  main.cpp
C:\Users\Yen\Desktop\CE4104\Lab2_todo_(win-vs2017)\main.cpp(55,33): warning C4305: 'initializing': truncation from 'double' to 'const GLfloat'
C:\Users\Yen\Desktop\CE4104\Lab2_todo_(win-vs2017)\main.cpp(55,38): warning C4305: 'initializing': truncation from 'double' to 'const GLfloat'
C:\Users\Yen\Desktop\CE4104\Lab2_todo_(win-vs2017)\main.cpp(55,43): warning C4305: 'initializing': truncation from 'double' to 'const GLfloat'
C:\Users\Yen\Desktop\CE4104\Lab2_todo_(win-vs2017)\main.cpp(58,31): warning C4305: 'initializing': truncation from 'double' to 'const GLfloat'
C:\Users\Yen\Desktop\CE4104\Lab2_todo_(win-vs2017)\main.cpp(58,36): warning C4305: 'initializing': truncation from 'double' to 'const GLfloat'
C:\Users\Yen\Desktop\CE4104\Lab2_todo_(win-vs2017)\main.cpp(58,41): warning C4305: 'initializing': truncation from 'double' to 'const GLfloat'
C:\Users\Yen\Desktop\CE4104\Lab2_todo_(win-vs2017)\main.cpp(66,35): warning C4305: 'initializing': truncation from 'double' to 'const GLfloat'
C:\Users\Yen\Desktop\CE4104\Lab2_todo_(win-vs2017)\main.cpp(66,40): warning C4305: 'initializing': truncation from 'double' to 'const GLfloat'
C:\Users\Yen\Desktop\CE4104\Lab2_todo_(win-vs2017)\main.cpp(66,45): warning C4305: 'initializing': truncation from 'double' to 'const GLfloat'
C:\Users\Yen\Desktop\CE4104\Lab2_todo_(win-vs2017)\main.cpp(67,35): warning C4305: 'initializing': truncation from 'double' to 'const GLfloat'
C:\Users\Yen\Desktop\CE4104\Lab2_todo_(win-vs2017)\main.cpp(67,40): warning C4305: 'initializing': truncation from 'double' to 'const GLfloat'
C:\Users\Yen\Desktop\CE4104\Lab2_todo_(win-vs2017)\main.cpp(67,45): warning C4305: 'initializing': truncation from 'double' to 'const GLfloat'
C:\Users\Yen\Desktop\CE4104\Lab2_todo_(win-vs2017)\main.cpp(68,36): warning C4305: 'initializing': truncation from 'double' to 'const GLfloat'
C:\Users\Yen\Desktop\CE4104\Lab2_todo_(win-vs2017)\main.cpp(68,41): warning C4305: 'initializing': truncation from 'double' to 'const GLfloat'
C:\Users\Yen\Desktop\CE4104\Lab2_todo_(win-vs2017)\main.cpp(68,46): warning C4305: 'initializing': truncation from 'double' to 'const GLfloat'
C:\Users\Yen\Desktop\CE4104\Lab2_todo_(win-vs2017)\main.cpp(72,35): warning C4305: 'initializing': truncation from 'double' to 'const GLfloat'
C:\Users\Yen\Desktop\CE4104\Lab2_todo_(win-vs2017)\main.cpp(72,40): warning C4305: 'initializing': truncation from 'double' to 'const GLfloat'
C:\Users\Yen\Desktop\CE4104\Lab2_todo_(win-vs2017)\main.cpp(72,45): warning C4305: 'initializing': truncation from 'double' to 'const GLfloat'
C:\Users\Yen\Desktop\CE4104\Lab2_todo_(win-vs2017)\main.cpp(73,35): warning C4305: 'initializing': truncation from 'double' to 'const GLfloat'
C:\Users\Yen\Desktop\CE4104\Lab2_todo_(win-vs2017)\main.cpp(73,40): warning C4305: 'initializing': truncation from 'double' to 'const GLfloat'
C:\Users\Yen\Desktop\CE4104\Lab2_todo_(win-vs2017)\main.cpp(73,45): warning C4305: 'initializing': truncation from 'double' to 'const GLfloat'
C:\Users\Yen\Desktop\CE4104\Lab2_todo_(win-vs2017)\main.cpp(74,36): warning C4305: 'initializing': truncation from 'double' to 'const GLfloat'
C:\Users\Yen\Desktop\CE4104\Lab2_todo_(win-vs2017)\main.cpp(74,41): warning C4305: 'initializing': truncation from 'double' to 'const GLfloat'
C:\Users\Yen\Desktop\CE4104\Lab2_todo_(win-vs2017)\main.cpp(74,46): warning C4305: 'initializing': truncation from 'double' to 'const GLfloat'
C:\Users\Yen\Desktop\CE4104\Lab2_todo_(win-vs2017)\main.cpp(200,74): warning C4244: 'argument': conversion from 'double' to 'GLfloat', possible loss of data
C:\Users\Yen\Desktop\CE4104\Lab2_todo_(win-vs2017)\main.cpp(200,51): warning C4244: 'argument': conversion from 'double' to 'GLfloat', possible loss of data
C:\Users\Yen\Desktop\CE4104\Lab2_todo_(win-vs2017)\main.cpp(200,25): warning C4244: 'argument': conversion from 'double' to 'GLfloat', possible loss of data
C:\Users\Yen\Desktop\CE4104\Lab2_todo_(win-vs2017)\main.cpp(202,25): warning C4244: 'argument': conversion from 'double' to 'GLfloat', possible loss of data
C:\Users\Yen\Desktop\CE4104\Lab2_todo_(win-vs2017)\main.cpp(524,33): warning C4305: 'initializing': truncation from 'double' to 'GLfloat'
C:\Users\Yen\Desktop\CE4104\Lab2_todo_(win-vs2017)\main.cpp(524,38): warning C4305: 'initializing': truncation from 'double' to 'GLfloat'
C:\Users\Yen\Desktop\CE4104\Lab2_todo_(win-vs2017)\main.cpp(524,43): warning C4305: 'initializing': truncation from 'double' to 'GLfloat'
  main.vcxproj -> C:\Users\Yen\Desktop\CE4104\Lab2_todo_(win-vs2017)\Debug\main.exe
